2024-06-10 16:05:00 - Initial payload: {'d': '20240610', 't': '16:05', 'v1': 0, 'v2': 0, 'v3': 0, 'v4': 399, 'v5': 0, 'v6': 0, 'v7': 0.0, 'v8': 0.0, 'v9': 0, 'v10': 0, 'v11': 0, 'v12': 0}
2024-06-10 16:05:00 - Adjusted payload: {'d': '20240610', 't': '16:05', 'v1': 0, 'v2': 0, 'v3': 0, 'v4': 399, 'v5': 0, 'v6': 0, 'v7': 0.0, 'v8': 0.0, 'v9': 0, 'v10': 0, 'v11': 0, 'v12': 0}
2024-06-10 16:05:02 - Sent data to PVOutput: 200 OK 200: Added Status
2024-06-10 16:05:02 - Payload: {'d': '20240610', 't': '16:05', 'v4': 399, 'v7': 0.0, 'v8': 0.0}
2024-06-10 16:10:00 - Initial payload: {'d': '20240610', 't': '16:10', 'v1': 0, 'v2': 0, 'v3': 0, 'v4': 485, 'v5': 0, 'v6': 0, 'v7': 8, 'v8': 0, 'v9': 0, 'v10': 0, 'v11': 0, 'v12': 0}
2024-06-10 16:10:00 - Adjusted payload: {'d': '20240610', 't': '16:10', 'v1': 0, 'v2': 0, 'v3': 0, 'v4': 485, 'v5': 0, 'v6': 0, 'v7': 8, 'v8': 0, 'v9': 0, 'v10': 0, 'v11': 0, 'v12': 0}
2024-06-10 16:10:01 - Sent data to PVOutput: 200 OK 200: Added Status
2024-06-10 16:10:01 - Payload: {'d': '20240610', 't': '16:10', 'v4': 485, 'v7': 8, 'v8': 0}
2024-06-10 16:15:00 - Initial payload: {'d': '20240610', 't': '16:15', 'v1': 0, 'v2': 0, 'v3': 0, 'v4': 729, 'v5': 0, 'v6': 0, 'v7': 19, 'v8': 0, 'v9': 0, 'v10': 0, 'v11': 0, 'v12': 0}
2024-06-10 16:15:00 - Adjusted payload: {'d': '20240610', 't': '16:15', 'v1': 0, 'v2': 0, 'v3': 0, 'v4': 729, 'v5': 0, 'v6': 0, 'v7': 19, 'v8': 0, 'v9': 0, 'v10': 0, 'v11': 0, 'v12': 0}
2024-06-10 16:15:02 - Sent data to PVOutput: 200 OK 200: Added Status
2024-06-10 16:15:02 - Payload: {'d': '20240610', 't': '16:15', 'v4': 729, 'v7': 19, 'v8': 0}
2024-06-10 16:20:00 - Initial payload: {'d': '20240610', 't': '16:20', 'v1': 0, 'v2': 0, 'v3': 0, 'v4': 446, 'v5': 0, 'v6': 0, 'v7': 0, 'v8': 0, 'v9': 0, 'v10': 0, 'v11': 0, 'v12': 0}
2024-06-10 16:20:00 - Adjusted payload: {'d': '20240610', 't': '16:20', 'v1': 0, 'v2': 0, 'v3': 0, 'v4': 446, 'v5': 0, 'v6': 0, 'v7': 0, 'v8': 0, 'v9': 0, 'v10': 0, 'v11': 0, 'v12': 0}
2024-06-10 16:20:01 - Sent data to PVOutput: 200 OK 200: Added Status
2024-06-10 16:20:01 - Payload: {'d': '20240610', 't': '16:20', 'v4': 446, 'v7': 0, 'v8': 0}
2024-06-10 16:25:00 - Initial payload: {'d': '20240610', 't': '16:25', 'v1': 0, 'v2': 0, 'v3': 0, 'v4': 548, 'v5': 0, 'v6': 0, 'v7': 0, 'v8': 0, 'v9': 0, 'v10': 0, 'v11': 0, 'v12': 0}
2024-06-10 16:25:00 - Adjusted payload: {'d': '20240610', 't': '16:25', 'v1': 0, 'v2': 0, 'v3': 0, 'v4': 548, 'v5': 0, 'v6': 0, 'v7': 0, 'v8': 0, 'v9': 0, 'v10': 0, 'v11': 0, 'v12': 0}
2024-06-10 16:25:02 - Sent data to PVOutput: 200 OK 200: Added Status
2024-06-10 16:25:02 - Payload: {'d': '20240610', 't': '16:25', 'v4': 548, 'v7': 0, 'v8': 0}
2024-06-10 16:30:00 - Initial payload: {'d': '20240610', 't': '16:30', 'v1': 0, 'v2': 0, 'v3': 0, 'v4': 263, 'v5': 0, 'v6': 0, 'v7': 0, 'v8': 0, 'v9': 0, 'v10': 0, 'v11': 0, 'v12': 0}
2024-06-10 16:30:00 - Adjusted payload: {'d': '20240610', 't': '16:30', 'v1': 0, 'v2': 0, 'v3': 0, 'v4': 263, 'v5': 0, 'v6': 0, 'v7': 0, 'v8': 0, 'v9': 0, 'v10': 0, 'v11': 0, 'v12': 0}
2024-06-10 16:30:01 - Sent data to PVOutput: 200 OK 200: Added Status
2024-06-10 16:30:01 - Payload: {'d': '20240610', 't': '16:30', 'v4': 263, 'v7': 0, 'v8': 0}
2024-06-10 16:35:00 - Initial payload: {'d': '20240610', 't': '16:35', 'v1': 0, 'v2': 0, 'v3': 0, 'v4': 339, 'v5': 0, 'v6': 0, 'v7': 0, 'v8': 0, 'v9': 0, 'v10': 0, 'v11': 0, 'v12': 0}
2024-06-10 16:35:00 - Adjusted payload: {'d': '20240610', 't': '16:35', 'v1': 0, 'v2': 0, 'v3': 0, 'v4': 339, 'v5': 0, 'v6': 0, 'v7': 0, 'v8': 0, 'v9': 0, 'v10': 0, 'v11': 0, 'v12': 0}
2024-06-10 16:35:02 - Sent data to PVOutput: 200 OK 200: Added Status
2024-06-10 16:35:02 - Payload: {'d': '20240610', 't': '16:35', 'v4': 339, 'v7': 0, 'v8': 0}
2024-06-10 16:40:00 - Initial payload: {'d': '20240610', 't': '16:40', 'v1': 0, 'v2': 0, 'v3': 0, 'v4': 372, 'v5': 0, 'v6': 0, 'v7': 0, 'v8': 0, 'v9': 0, 'v10': 0, 'v11': 0, 'v12': 0}
2024-06-10 16:40:00 - Adjusted payload: {'d': '20240610', 't': '16:40', 'v1': 0, 'v2': 0, 'v3': 0, 'v4': 372, 'v5': 0, 'v6': 0, 'v7': 0, 'v8': 0, 'v9': 0, 'v10': 0, 'v11': 0, 'v12': 0}
2024-06-10 16:40:01 - Sent data to PVOutput: 200 OK 200: Added Status
2024-06-10 16:40:01 - Payload: {'d': '20240610', 't': '16:40', 'v4': 372, 'v7': 0, 'v8': 0}
2024-06-10 16:45:00 - Initial payload: {'d': '20240610', 't': '16:45', 'v1': 0, 'v2': 0, 'v3': 0, 'v4': 323, 'v5': 0, 'v6': 0, 'v7': 0, 'v8': 0, 'v9': 0, 'v10': 0, 'v11': 0, 'v12': 0}
2024-06-10 16:45:00 - Adjusted payload: {'d': '20240610', 't': '16:45', 'v1': 0, 'v2': 0, 'v3': 0, 'v4': 323, 'v5': 0, 'v6': 0, 'v7': 0, 'v8': 0, 'v9': 0, 'v10': 0, 'v11': 0, 'v12': 0}
2024-06-10 16:45:02 - Sent data to PVOutput: 200 OK 200: Added Status
2024-06-10 16:45:02 - Payload: {'d': '20240610', 't': '16:45', 'v4': 323, 'v7': 0, 'v8': 0}
2024-06-10 16:50:00 - Initial payload: {'d': '20240610', 't': '16:50', 'v1': 0, 'v2': 0, 'v3': 0, 'v4': 374, 'v5': 0, 'v6': 0, 'v7': 0, 'v8': 0, 'v9': 0, 'v10': 0, 'v11': 0, 'v12': 0}
2024-06-10 16:50:00 - Adjusted payload: {'d': '20240610', 't': '16:50', 'v1': 0, 'v2': 0, 'v3': 0, 'v4': 374, 'v5': 0, 'v6': 0, 'v7': 0, 'v8': 0, 'v9': 0, 'v10': 0, 'v11': 0, 'v12': 0}
2024-06-10 16:50:01 - Sent data to PVOutput: 200 OK 200: Added Status
2024-06-10 16:50:01 - Payload: {'d': '20240610', 't': '16:50', 'v4': 374, 'v7': 0, 'v8': 0}
2024-06-10 16:55:00 - Initial payload: {'d': '20240610', 't': '16:55', 'v1': 0, 'v2': 0, 'v3': 0, 'v4': 544, 'v5': 0, 'v6': 0, 'v7': 0, 'v8': 0, 'v9': 0, 'v10': 0, 'v11': 0, 'v12': 0}
2024-06-10 16:55:00 - Adjusted payload: {'d': '20240610', 't': '16:55', 'v1': 0, 'v2': 0, 'v3': 0, 'v4': 544, 'v5': 0, 'v6': 0, 'v7': 0, 'v8': 0, 'v9': 0, 'v10': 0, 'v11': 0, 'v12': 0}
2024-06-10 16:55:02 - Sent data to PVOutput: 200 OK 200: Added Status
2024-06-10 16:55:02 - Payload: {'d': '20240610', 't': '16:55', 'v4': 544, 'v7': 0, 'v8': 0}
2024-06-10 17:00:00 - Initial payload: {'d': '20240610', 't': '17:00', 'v1': 0, 'v2': 0, 'v3': 0, 'v4': 486, 'v5': 0, 'v6': 0, 'v7': 0, 'v8': 0, 'v9': 0, 'v10': 0, 'v11': 0, 'v12': 0}
2024-06-10 17:00:00 - Adjusted payload: {'d': '20240610', 't': '17:00', 'v1': 0, 'v2': 0, 'v3': 0, 'v4': 486, 'v5': 0, 'v6': 0, 'v7': 0, 'v8': 0, 'v9': 0, 'v10': 0, 'v11': 0, 'v12': 0}
2024-06-10 17:00:01 - Sent data to PVOutput: 200 OK 200: Added Status
2024-06-10 17:00:02 - Payload: {'d': '20240610', 't': '17:00', 'v4': 486, 'v7': 0, 'v8': 0}
2024-06-10 17:05:00 - Initial payload: {'d': '20240610', 't': '17:05', 'v1': 0, 'v2': 0, 'v3': 0, 'v4': 358, 'v5': 0, 'v6': 0, 'v7': 0, 'v8': 0, 'v9': 0, 'v10': 0, 'v11': 0, 'v12': 0}
2024-06-10 17:05:00 - Adjusted payload: {'d': '20240610', 't': '17:05', 'v1': 0, 'v2': 0, 'v3': 0, 'v4': 358, 'v5': 0, 'v6': 0, 'v7': 0, 'v8': 0, 'v9': 0, 'v10': 0, 'v11': 0, 'v12': 0}
2024-06-10 17:05:01 - Sent data to PVOutput: 200 OK 200: Added Status
2024-06-10 17:05:01 - Payload: {'d': '20240610', 't': '17:05', 'v4': 358, 'v7': 0, 'v8': 0}
2024-06-10 17:10:00 - Initial payload: {'d': '20240610', 't': '17:10', 'v1': 0, 'v2': 0, 'v3': 0, 'v4': 334, 'v5': 0, 'v6': 0, 'v7': 0, 'v8': 0, 'v9': 0, 'v10': 0, 'v11': 0, 'v12': 0}
2024-06-10 17:10:00 - Adjusted payload: {'d': '20240610', 't': '17:10', 'v1': 0, 'v2': 0, 'v3': 0, 'v4': 334, 'v5': 0, 'v6': 0, 'v7': 0, 'v8': 0, 'v9': 0, 'v10': 0, 'v11': 0, 'v12': 0}
2024-06-10 17:10:02 - Sent data to PVOutput: 200 OK 200: Added Status
2024-06-10 17:10:02 - Payload: {'d': '20240610', 't': '17:10', 'v4': 334, 'v7': 0, 'v8': 0}
2024-06-10 17:15:00 - Initial payload: {'d': '20240610', 't': '17:15', 'v1': 0, 'v2': 0, 'v3': 0, 'v4': 399, 'v5': 0, 'v6': 0, 'v7': 9, 'v8': 0, 'v9': 0, 'v10': 0, 'v11': 0, 'v12': 0}
2024-06-10 17:15:00 - Adjusted payload: {'d': '20240610', 't': '17:15', 'v1': 0, 'v2': 0, 'v3': 0, 'v4': 399, 'v5': 0, 'v6': 0, 'v7': 9, 'v8': 0, 'v9': 0, 'v10': 0, 'v11': 0, 'v12': 0}
2024-06-10 17:15:01 - Sent data to PVOutput: 200 OK 200: Added Status
2024-06-10 17:15:01 - Payload: {'d': '20240610', 't': '17:15', 'v4': 399, 'v7': 9, 'v8': 0}
2024-06-10 17:20:00 - Initial payload: {'d': '20240610', 't': '17:20', 'v1': 0, 'v2': 0, 'v3': 0, 'v4': 399, 'v5': 0, 'v6': 0, 'v7': 0, 'v8': 0, 'v9': 0, 'v10': 0, 'v11': 0, 'v12': 0}
2024-06-10 17:20:00 - Adjusted payload: {'d': '20240610', 't': '17:20', 'v1': 0, 'v2': 0, 'v3': 0, 'v4': 399, 'v5': 0, 'v6': 0, 'v7': 0, 'v8': 0, 'v9': 0, 'v10': 0, 'v11': 0, 'v12': 0}
2024-06-10 17:20:01 - Sent data to PVOutput: 200 OK 200: Added Status
2024-06-10 17:20:01 - Payload: {'d': '20240610', 't': '17:20', 'v4': 399, 'v7': 0, 'v8': 0}
2024-06-10 17:25:01 - Initial payload: {'d': '20240610', 't': '17:25', 'v1': 0, 'v2': 0, 'v3': 0, 'v4': 357, 'v5': 0, 'v6': 0, 'v7': 0, 'v8': 0, 'v9': 0, 'v10': 0, 'v11': 0, 'v12': 0}
2024-06-10 17:25:01 - Adjusted payload: {'d': '20240610', 't': '17:25', 'v1': 0, 'v2': 0, 'v3': 0, 'v4': 357, 'v5': 0, 'v6': 0, 'v7': 0, 'v8': 0, 'v9': 0, 'v10': 0, 'v11': 0, 'v12': 0}
2024-06-10 17:25:02 - Sent data to PVOutput: 200 OK 200: Added Status
2024-06-10 17:25:02 - Payload: {'d': '20240610', 't': '17:25', 'v4': 357, 'v7': 0, 'v8': 0}
2024-06-10 17:30:00 - Initial payload: {'d': '20240610', 't': '17:30', 'v1': 0, 'v2': 0, 'v3': 0, 'v4': 703, 'v5': 0, 'v6': 0, 'v7': 3, 'v8': 0, 'v9': 0, 'v10': 0, 'v11': 0, 'v12': 0}
2024-06-10 17:30:00 - Adjusted payload: {'d': '20240610', 't': '17:30', 'v1': 0, 'v2': 0, 'v3': 0, 'v4': 703, 'v5': 0, 'v6': 0, 'v7': 3, 'v8': 0, 'v9': 0, 'v10': 0, 'v11': 0, 'v12': 0}
2024-06-10 17:30:02 - Sent data to PVOutput: 200 OK 200: Added Status
2024-06-10 17:30:02 - Payload: {'d': '20240610', 't': '17:30', 'v4': 703, 'v7': 3, 'v8': 0}
2024-06-10 17:35:00 - Initial payload: {'d': '20240610', 't': '17:35', 'v1': 0, 'v2': 0, 'v3': 0, 'v4': 544, 'v5': 0, 'v6': 0, 'v7': 14, 'v8': 0, 'v9': 0, 'v10': 0, 'v11': 0, 'v12': 0}
2024-06-10 17:35:00 - Adjusted payload: {'d': '20240610', 't': '17:35', 'v1': 0, 'v2': 0, 'v3': 0, 'v4': 544, 'v5': 0, 'v6': 0, 'v7': 14, 'v8': 0, 'v9': 0, 'v10': 0, 'v11': 0, 'v12': 0}
2024-06-10 17:35:01 - Sent data to PVOutput: 200 OK 200: Added Status
2024-06-10 17:35:01 - Payload: {'d': '20240610', 't': '17:35', 'v4': 544, 'v7': 14, 'v8': 0}
2024-06-10 17:40:00 - Initial payload: {'d': '20240610', 't': '17:40', 'v1': 0, 'v2': 0, 'v3': 0, 'v4': 600, 'v5': 0, 'v6': 0, 'v7': 3, 'v8': 0, 'v9': 0, 'v10': 0, 'v11': 0, 'v12': 0}
2024-06-10 17:40:00 - Adjusted payload: {'d': '20240610', 't': '17:40', 'v1': 0, 'v2': 0, 'v3': 0, 'v4': 600, 'v5': 0, 'v6': 0, 'v7': 3, 'v8': 0, 'v9': 0, 'v10': 0, 'v11': 0, 'v12': 0}
2024-06-10 17:40:01 - Sent data to PVOutput: 200 OK 200: Added Status
2024-06-10 17:40:01 - Payload: {'d': '20240610', 't': '17:40', 'v4': 600, 'v7': 3, 'v8': 0}
2024-06-10 17:45:01 - Initial payload: {'d': '20240610', 't': '17:45', 'v1': 0, 'v2': 0, 'v3': 0, 'v4': 328, 'v5': 0, 'v6': 0, 'v7': 0, 'v8': 0, 'v9': 0, 'v10': 0, 'v11': 0, 'v12': 0}
2024-06-10 17:45:01 - Adjusted payload: {'d': '20240610', 't': '17:45', 'v1': 0, 'v2': 0, 'v3': 0, 'v4': 328, 'v5': 0, 'v6': 0, 'v7': 0, 'v8': 0, 'v9': 0, 'v10': 0, 'v11': 0, 'v12': 0}
2024-06-10 17:45:02 - Sent data to PVOutput: 200 OK 200: Added Status
2024-06-10 17:45:02 - Payload: {'d': '20240610', 't': '17:45', 'v4': 328, 'v7': 0, 'v8': 0}
2024-06-10 17:50:00 - Initial payload: {'d': '20240610', 't': '17:50', 'v1': 0, 'v2': 0, 'v3': 0, 'v4': 1629, 'v5': 0, 'v6': 0, 'v7': 3, 'v8': 0, 'v9': 0, 'v10': 0, 'v11': 0, 'v12': 0}
2024-06-10 17:50:00 - Adjusted payload: {'d': '20240610', 't': '17:50', 'v1': 0, 'v2': 0, 'v3': 0, 'v4': 1629, 'v5': 0, 'v6': 0, 'v7': 3, 'v8': 0, 'v9': 0, 'v10': 0, 'v11': 0, 'v12': 0}
2024-06-10 17:50:02 - Sent data to PVOutput: 200 OK 200: Added Status
2024-06-10 17:50:02 - Payload: {'d': '20240610', 't': '17:50', 'v4': 1629, 'v7': 3, 'v8': 0}
2024-06-10 17:55:00 - Initial payload: {'d': '20240610', 't': '17:55', 'v1': 0, 'v2': 0, 'v3': 0, 'v4': 530, 'v5': 0, 'v6': 0, 'v7': 1, 'v8': 0, 'v9': 0, 'v10': 0, 'v11': 0, 'v12': 0}
2024-06-10 17:55:00 - Adjusted payload: {'d': '20240610', 't': '17:55', 'v1': 0, 'v2': 0, 'v3': 0, 'v4': 530, 'v5': 0, 'v6': 0, 'v7': 1, 'v8': 0, 'v9': 0, 'v10': 0, 'v11': 0, 'v12': 0}
2024-06-10 17:55:02 - Sent data to PVOutput: 200 OK 200: Added Status
2024-06-10 17:55:02 - Payload: {'d': '20240610', 't': '17:55', 'v4': 530, 'v7': 1, 'v8': 0}
2024-06-10 18:00:00 - Initial payload: {'d': '20240610', 't': '18:00', 'v1': 0, 'v2': 0, 'v3': 0, 'v4': 694, 'v5': 0, 'v6': 0, 'v7': 14, 'v8': 0, 'v9': 0, 'v10': 0, 'v11': 0, 'v12': 0}
2024-06-10 18:00:00 - Adjusted payload: {'d': '20240610', 't': '18:00', 'v1': 0, 'v2': 0, 'v3': 0, 'v4': 694, 'v5': 0, 'v6': 0, 'v7': 14, 'v8': 0, 'v9': 0, 'v10': 0, 'v11': 0, 'v12': 0}
2024-06-10 18:00:01 - Sent data to PVOutput: 200 OK 200: Added Status
2024-06-10 18:00:01 - Payload: {'d': '20240610', 't': '18:00', 'v4': 694, 'v7': 14, 'v8': 0}
2024-06-10 18:05:01 - Initial payload: {'d': '20240610', 't': '18:05', 'v1': 0, 'v2': 0, 'v3': 0, 'v4': 408, 'v5': 0, 'v6': 0, 'v7': 1, 'v8': 0, 'v9': 0, 'v10': 0, 'v11': 0, 'v12': 0}
2024-06-10 18:05:01 - Adjusted payload: {'d': '20240610', 't': '18:05', 'v1': 0, 'v2': 0, 'v3': 0, 'v4': 408, 'v5': 0, 'v6': 0, 'v7': 1, 'v8': 0, 'v9': 0, 'v10': 0, 'v11': 0, 'v12': 0}
2024-06-10 18:05:05 - Sent data to PVOutput: 200 OK 200: Added Status
2024-06-10 18:05:05 - Payload: {'d': '20240610', 't': '18:05', 'v4': 408, 'v7': 1, 'v8': 0}
2024-06-10 18:10:00 - Initial payload: {'d': '20240610', 't': '18:10', 'v1': 0, 'v2': 0, 'v3': 0, 'v4': 669, 'v5': 0, 'v6': 0, 'v7': 0, 'v8': 0, 'v9': 0, 'v10': 0, 'v11': 0, 'v12': 0}
2024-06-10 18:10:00 - Adjusted payload: {'d': '20240610', 't': '18:10', 'v1': 0, 'v2': 0, 'v3': 0, 'v4': 669, 'v5': 0, 'v6': 0, 'v7': 0, 'v8': 0, 'v9': 0, 'v10': 0, 'v11': 0, 'v12': 0}
2024-06-10 18:10:01 - Sent data to PVOutput: 200 OK 200: Added Status
2024-06-10 18:10:01 - Payload: {'d': '20240610', 't': '18:10', 'v4': 669, 'v7': 0, 'v8': 0}
2024-06-10 18:15:01 - Initial payload: {'d': '20240610', 't': '18:15', 'v1': 0, 'v2': 0, 'v3': 0, 'v4': 656, 'v5': 0, 'v6': 0, 'v7': 0, 'v8': 0, 'v9': 0, 'v10': 0, 'v11': 0, 'v12': 0}
2024-06-10 18:15:01 - Adjusted payload: {'d': '20240610', 't': '18:15', 'v1': 0, 'v2': 0, 'v3': 0, 'v4': 656, 'v5': 0, 'v6': 0, 'v7': 0, 'v8': 0, 'v9': 0, 'v10': 0, 'v11': 0, 'v12': 0}
2024-06-10 18:15:02 - Sent data to PVOutput: 200 OK 200: Added Status
2024-06-10 18:15:02 - Payload: {'d': '20240610', 't': '18:15', 'v4': 656, 'v7': 0, 'v8': 0}
2024-06-10 18:20:00 - Initial payload: {'d': '20240610', 't': '18:20', 'v1': 0, 'v2': 0, 'v3': 0, 'v4': 536, 'v5': 0, 'v6': 0, 'v7': 0, 'v8': 0, 'v9': 0, 'v10': 0, 'v11': 0, 'v12': 0}
2024-06-10 18:20:00 - Adjusted payload: {'d': '20240610', 't': '18:20', 'v1': 0, 'v2': 0, 'v3': 0, 'v4': 536, 'v5': 0, 'v6': 0, 'v7': 0, 'v8': 0, 'v9': 0, 'v10': 0, 'v11': 0, 'v12': 0}
2024-06-10 18:20:01 - Sent data to PVOutput: 200 OK 200: Added Status
2024-06-10 18:20:01 - Payload: {'d': '20240610', 't': '18:20', 'v4': 536, 'v7': 0, 'v8': 0}
2024-06-10 18:25:00 - Initial payload: {'d': '20240610', 't': '18:25', 'v1': 0, 'v2': 0, 'v3': 0, 'v4': 443, 'v5': 0, 'v6': 0, 'v7': 0, 'v8': 0, 'v9': 0, 'v10': 0, 'v11': 0, 'v12': 0}
2024-06-10 18:25:00 - Adjusted payload: {'d': '20240610', 't': '18:25', 'v1': 0, 'v2': 0, 'v3': 0, 'v4': 443, 'v5': 0, 'v6': 0, 'v7': 0, 'v8': 0, 'v9': 0, 'v10': 0, 'v11': 0, 'v12': 0}
2024-06-10 18:25:02 - Sent data to PVOutput: 200 OK 200: Added Status
2024-06-10 18:25:02 - Payload: {'d': '20240610', 't': '18:25', 'v4': 443, 'v7': 0, 'v8': 0}
2024-06-10 18:30:00 - Initial payload: {'d': '20240610', 't': '18:30', 'v1': 0, 'v2': 0, 'v3': 0, 'v4': 443, 'v5': 0, 'v6': 0, 'v7': 0, 'v8': 0, 'v9': 0, 'v10': 0, 'v11': 0, 'v12': 0}
2024-06-10 18:30:00 - Adjusted payload: {'d': '20240610', 't': '18:30', 'v1': 0, 'v2': 0, 'v3': 0, 'v4': 443, 'v5': 0, 'v6': 0, 'v7': 0, 'v8': 0, 'v9': 0, 'v10': 0, 'v11': 0, 'v12': 0}
2024-06-10 18:30:01 - Sent data to PVOutput: 200 OK 200: Added Status
2024-06-10 18:30:01 - Payload: {'d': '20240610', 't': '18:30', 'v4': 443, 'v7': 0, 'v8': 0}
2024-06-10 18:35:00 - Initial payload: {'d': '20240610', 't': '18:35', 'v1': 0, 'v2': 0, 'v3': 0, 'v4': 501, 'v5': 0, 'v6': 0, 'v7': 0, 'v8': 0, 'v9': 0, 'v10': 0, 'v11': 0, 'v12': 0}
2024-06-10 18:35:00 - Adjusted payload: {'d': '20240610', 't': '18:35', 'v1': 0, 'v2': 0, 'v3': 0, 'v4': 501, 'v5': 0, 'v6': 0, 'v7': 0, 'v8': 0, 'v9': 0, 'v10': 0, 'v11': 0, 'v12': 0}
2024-06-10 18:35:02 - Sent data to PVOutput: 200 OK 200: Added Status
2024-06-10 18:35:02 - Payload: {'d': '20240610', 't': '18:35', 'v4': 501, 'v7': 0, 'v8': 0}
2024-06-10 18:40:00 - Initial payload: {'d': '20240610', 't': '18:40', 'v1': 0, 'v2': 0, 'v3': 0, 'v4': 608, 'v5': 0, 'v6': 0, 'v7': 0, 'v8': 0, 'v9': 0, 'v10': 0, 'v11': 0, 'v12': 0}
2024-06-10 18:40:00 - Adjusted payload: {'d': '20240610', 't': '18:40', 'v1': 0, 'v2': 0, 'v3': 0, 'v4': 608, 'v5': 0, 'v6': 0, 'v7': 0, 'v8': 0, 'v9': 0, 'v10': 0, 'v11': 0, 'v12': 0}
2024-06-10 18:40:01 - Sent data to PVOutput: 200 OK 200: Added Status
2024-06-10 18:40:01 - Payload: {'d': '20240610', 't': '18:40', 'v4': 608, 'v7': 0, 'v8': 0}
2024-06-10 18:45:00 - Initial payload: {'d': '20240610', 't': '18:45', 'v1': 0, 'v2': 0, 'v3': 0, 'v4': 635, 'v5': 0, 'v6': 0, 'v7': 0, 'v8': 0, 'v9': 0, 'v10': 0, 'v11': 0, 'v12': 0}
2024-06-10 18:45:00 - Adjusted payload: {'d': '20240610', 't': '18:45', 'v1': 0, 'v2': 0, 'v3': 0, 'v4': 635, 'v5': 0, 'v6': 0, 'v7': 0, 'v8': 0, 'v9': 0, 'v10': 0, 'v11': 0, 'v12': 0}
2024-06-10 18:45:02 - Sent data to PVOutput: 200 OK 200: Added Status
2024-06-10 18:45:02 - Payload: {'d': '20240610', 't': '18:45', 'v4': 635, 'v7': 0, 'v8': 0}
2024-06-10 18:50:00 - Initial payload: {'d': '20240610', 't': '18:50', 'v1': 0, 'v2': 0, 'v3': 0, 'v4': 746, 'v5': 0, 'v6': 0, 'v7': 10, 'v8': 0, 'v9': 0, 'v10': 0, 'v11': 0, 'v12': 0}
2024-06-10 18:50:00 - Adjusted payload: {'d': '20240610', 't': '18:50', 'v1': 0, 'v2': 0, 'v3': 0, 'v4': 746, 'v5': 0, 'v6': 0, 'v7': 10, 'v8': 0, 'v9': 0, 'v10': 0, 'v11': 0, 'v12': 0}
2024-06-10 18:50:01 - Sent data to PVOutput: 200 OK 200: Added Status
2024-06-10 18:50:01 - Payload: {'d': '20240610', 't': '18:50', 'v4': 746, 'v7': 10, 'v8': 0}
2024-06-10 18:55:00 - Initial payload: {'d': '20240610', 't': '18:55', 'v1': 0, 'v2': 0, 'v3': 0, 'v4': 646, 'v5': 0, 'v6': 0, 'v7': 0, 'v8': 0, 'v9': 0, 'v10': 0, 'v11': 0, 'v12': 0}
2024-06-10 18:55:00 - Adjusted payload: {'d': '20240610', 't': '18:55', 'v1': 0, 'v2': 0, 'v3': 0, 'v4': 646, 'v5': 0, 'v6': 0, 'v7': 0, 'v8': 0, 'v9': 0, 'v10': 0, 'v11': 0, 'v12': 0}
2024-06-10 18:55:02 - Sent data to PVOutput: 200 OK 200: Added Status
2024-06-10 18:55:02 - Payload: {'d': '20240610', 't': '18:55', 'v4': 646, 'v7': 0, 'v8': 0}
2024-06-10 19:00:00 - Initial payload: {'d': '20240610', 't': '19:00', 'v1': 0, 'v2': 0, 'v3': 0, 'v4': 536, 'v5': 0, 'v6': 0, 'v7': 0, 'v8': 0, 'v9': 0, 'v10': 0, 'v11': 0, 'v12': 0}
2024-06-10 19:00:00 - Adjusted payload: {'d': '20240610', 't': '19:00', 'v1': 0, 'v2': 0, 'v3': 0, 'v4': 536, 'v5': 0, 'v6': 0, 'v7': 0, 'v8': 0, 'v9': 0, 'v10': 0, 'v11': 0, 'v12': 0}
2024-06-10 19:00:01 - Sent data to PVOutput: 200 OK 200: Added Status
2024-06-10 19:00:01 - Payload: {'d': '20240610', 't': '19:00', 'v4': 536, 'v7': 0, 'v8': 0}
2024-06-10 19:05:00 - Initial payload: {'d': '20240610', 't': '19:05', 'v1': 0, 'v2': 0, 'v3': 0, 'v4': 626, 'v5': 0, 'v6': 0, 'v7': 0, 'v8': 0, 'v9': 0, 'v10': 0, 'v11': 0, 'v12': 0}
2024-06-10 19:05:00 - Adjusted payload: {'d': '20240610', 't': '19:05', 'v1': 0, 'v2': 0, 'v3': 0, 'v4': 626, 'v5': 0, 'v6': 0, 'v7': 0, 'v8': 0, 'v9': 0, 'v10': 0, 'v11': 0, 'v12': 0}
2024-06-10 19:05:02 - Sent data to PVOutput: 200 OK 200: Added Status
2024-06-10 19:05:02 - Payload: {'d': '20240610', 't': '19:05', 'v4': 626, 'v7': 0, 'v8': 0}
2024-06-10 19:10:00 - Initial payload: {'d': '20240610', 't': '19:10', 'v1': 0, 'v2': 0, 'v3': 0, 'v4': 494, 'v5': 0, 'v6': 0, 'v7': 0, 'v8': 0, 'v9': 0, 'v10': 0, 'v11': 0, 'v12': 0}
2024-06-10 19:10:00 - Adjusted payload: {'d': '20240610', 't': '19:10', 'v1': 0, 'v2': 0, 'v3': 0, 'v4': 494, 'v5': 0, 'v6': 0, 'v7': 0, 'v8': 0, 'v9': 0, 'v10': 0, 'v11': 0, 'v12': 0}
2024-06-10 19:10:01 - Sent data to PVOutput: 200 OK 200: Added Status
2024-06-10 19:10:01 - Payload: {'d': '20240610', 't': '19:10', 'v4': 494, 'v7': 0, 'v8': 0}
